c:\users\tiked\onedrive\ドキュメント\三木研\iot班研究\rplidar\sdk\workspaces\vc10\frame_grabber\x64\debug\frame_grabber.pch
c:\users\tiked\onedrive\ドキュメント\三木研\iot班研究\rplidar\sdk\workspaces\vc10\frame_grabber\x64\debug\vc141.pdb
c:\users\tiked\onedrive\ドキュメント\三木研\iot班研究\rplidar\sdk\workspaces\vc10\frame_grabber\x64\debug\aboutdlg.obj
c:\users\tiked\onedrive\ドキュメント\三木研\iot班研究\rplidar\sdk\workspaces\vc10\frame_grabber\x64\debug\framegrabber.obj
c:\users\tiked\onedrive\ドキュメント\三木研\iot班研究\rplidar\sdk\workspaces\vc10\frame_grabber\x64\debug\freqsetdlg.obj
c:\users\tiked\onedrive\ドキュメント\三木研\iot班研究\rplidar\sdk\workspaces\vc10\frame_grabber\x64\debug\mainfrm.obj
c:\users\tiked\onedrive\ドキュメント\三木研\iot班研究\rplidar\sdk\workspaces\vc10\frame_grabber\x64\debug\scanview.obj
c:\users\tiked\onedrive\ドキュメント\三木研\iot班研究\rplidar\sdk\workspaces\vc10\frame_grabber\x64\debug\serialseldlg.obj
c:\users\tiked\onedrive\ドキュメント\三木研\iot班研究\rplidar\sdk\workspaces\vc10\frame_grabber\x64\debug\stdafx.obj
c:\users\tiked\onedrive\ドキュメント\三木研\iot班研究\rplidar\sdk\workspaces\vc10\frame_grabber\x64\debug\logdatasplit.obj
c:\users\tiked\onedrive\ドキュメント\三木研\iot班研究\rplidar\sdk\workspaces\vc10\frame_grabber\x64\debug\logtermsetdlg.obj
c:\users\tiked\onedrive\ドキュメント\三木研\iot班研究\rplidar\sdk\workspaces\vc10\frame_grabber\x64\debug\movearea.obj
c:\users\tiked\onedrive\ドキュメント\三木研\iot班研究\rplidar\sdk\workspaces\vc10\frame_grabber\x64\debug\moveobjrecieve.obj
c:\users\tiked\onedrive\ドキュメント\三木研\iot班研究\rplidar\sdk\workspaces\vc10\frame_grabber\x64\debug\moveobjsend.obj
c:\users\tiked\onedrive\ドキュメント\三木研\iot班研究\rplidar\sdk\workspaces\vc10\frame_grabber\x64\debug\objanothercalc.obj
c:\users\tiked\onedrive\ドキュメント\三木研\iot班研究\rplidar\sdk\workspaces\vc10\frame_grabber\x64\debug\readdataset.obj
c:\users\tiked\onedrive\ドキュメント\三木研\iot班研究\rplidar\sdk\workspaces\vc10\frame_grabber\x64\debug\lidarmgr.obj
c:\users\tiked\onedrive\ドキュメント\三木研\iot班研究\rplidar\sdk\workspaces\vc10\x64\debug\frame_grabber.ilk
c:\users\tiked\onedrive\ドキュメント\三木研\iot班研究\rplidar\sdk\workspaces\vc10\x64\debug\frame_grabber.exe
c:\users\tiked\onedrive\ドキュメント\三木研\iot班研究\rplidar\sdk\workspaces\vc10\x64\debug\frame_grabber.pdb
c:\users\tiked\onedrive\ドキュメント\三木研\iot班研究\rplidar\sdk\workspaces\vc10\frame_grabber\x64\debug\framegrabber.res
c:\users\tiked\onedrive\ドキュメント\三木研\iot班研究\rplidar\sdk\workspaces\vc10\frame_grabber\x64\debug\frame_grabber.tlog\cl.command.1.tlog
c:\users\tiked\onedrive\ドキュメント\三木研\iot班研究\rplidar\sdk\workspaces\vc10\frame_grabber\x64\debug\frame_grabber.tlog\cl.read.1.tlog
c:\users\tiked\onedrive\ドキュメント\三木研\iot班研究\rplidar\sdk\workspaces\vc10\frame_grabber\x64\debug\frame_grabber.tlog\cl.write.1.tlog
c:\users\tiked\onedrive\ドキュメント\三木研\iot班研究\rplidar\sdk\workspaces\vc10\frame_grabber\x64\debug\frame_grabber.tlog\link.command.1.tlog
c:\users\tiked\onedrive\ドキュメント\三木研\iot班研究\rplidar\sdk\workspaces\vc10\frame_grabber\x64\debug\frame_grabber.tlog\link.read.1.tlog
c:\users\tiked\onedrive\ドキュメント\三木研\iot班研究\rplidar\sdk\workspaces\vc10\frame_grabber\x64\debug\frame_grabber.tlog\link.write.1.tlog
c:\users\tiked\onedrive\ドキュメント\三木研\iot班研究\rplidar\sdk\workspaces\vc10\frame_grabber\x64\debug\frame_grabber.tlog\rc.command.1.tlog
c:\users\tiked\onedrive\ドキュメント\三木研\iot班研究\rplidar\sdk\workspaces\vc10\frame_grabber\x64\debug\frame_grabber.tlog\rc.read.1.tlog
c:\users\tiked\onedrive\ドキュメント\三木研\iot班研究\rplidar\sdk\workspaces\vc10\frame_grabber\x64\debug\frame_grabber.tlog\rc.write.1.tlog
