c:\users\tiked\onedrive\ドキュメント\三木研\iot班研究\rplidar\sdk\obj\win32\frame_grabber\debug\frame_grabber.pch
c:\users\tiked\onedrive\ドキュメント\三木研\iot班研究\rplidar\sdk\obj\win32\frame_grabber\debug\vc141.pdb
c:\users\tiked\onedrive\ドキュメント\三木研\iot班研究\rplidar\sdk\obj\win32\frame_grabber\debug\vc141.idb
c:\users\tiked\onedrive\ドキュメント\三木研\iot班研究\rplidar\sdk\obj\win32\frame_grabber\debug\readdataset.obj
c:\users\tiked\onedrive\ドキュメント\三木研\iot班研究\rplidar\sdk\obj\win32\frame_grabber\debug\objanothercalc.obj
c:\users\tiked\onedrive\ドキュメント\三木研\iot班研究\rplidar\sdk\obj\win32\frame_grabber\debug\moveobjsend.obj
c:\users\tiked\onedrive\ドキュメント\三木研\iot班研究\rplidar\sdk\obj\win32\frame_grabber\debug\moveobjrecieve.obj
c:\users\tiked\onedrive\ドキュメント\三木研\iot班研究\rplidar\sdk\obj\win32\frame_grabber\debug\movearea.obj
c:\users\tiked\onedrive\ドキュメント\三木研\iot班研究\rplidar\sdk\obj\win32\frame_grabber\debug\logtermsetdlg.obj
c:\users\tiked\onedrive\ドキュメント\三木研\iot班研究\rplidar\sdk\obj\win32\frame_grabber\debug\logdatasplit.obj
c:\users\tiked\onedrive\ドキュメント\三木研\iot班研究\rplidar\sdk\obj\win32\frame_grabber\debug\stdafx.obj
c:\users\tiked\onedrive\ドキュメント\三木研\iot班研究\rplidar\sdk\obj\win32\frame_grabber\debug\serialseldlg.obj
c:\users\tiked\onedrive\ドキュメント\三木研\iot班研究\rplidar\sdk\obj\win32\frame_grabber\debug\scanview.obj
c:\users\tiked\onedrive\ドキュメント\三木研\iot班研究\rplidar\sdk\obj\win32\frame_grabber\debug\mainfrm.obj
c:\users\tiked\onedrive\ドキュメント\三木研\iot班研究\rplidar\sdk\obj\win32\frame_grabber\debug\freqsetdlg.obj
c:\users\tiked\onedrive\ドキュメント\三木研\iot班研究\rplidar\sdk\obj\win32\frame_grabber\debug\framegrabber.obj
c:\users\tiked\onedrive\ドキュメント\三木研\iot班研究\rplidar\sdk\obj\win32\frame_grabber\debug\aboutdlg.obj
c:\users\tiked\onedrive\ドキュメント\三木研\iot班研究\rplidar\sdk\obj\win32\frame_grabber\debug\lidarmgr.obj
c:\users\tiked\onedrive\ドキュメント\三木研\iot班研究\rplidar\sdk\output\win32\debug\frame_grabber.ilk
c:\users\tiked\onedrive\ドキュメント\三木研\iot班研究\rplidar\sdk\output\win32\debug\frame_grabber.exe
c:\users\tiked\onedrive\ドキュメント\三木研\iot班研究\rplidar\sdk\output\win32\debug\frame_grabber.pdb
c:\users\tiked\onedrive\ドキュメント\三木研\iot班研究\rplidar\sdk\obj\win32\frame_grabber\debug\framegrabber.res
c:\users\tiked\onedrive\ドキュメント\三木研\iot班研究\rplidar\sdk\workspaces\vc10\\..\..\output\win32\debug\frame_grabber.pdb
c:\users\tiked\onedrive\ドキュメント\三木研\iot班研究\rplidar\sdk\workspaces\vc10\\..\..\output\win32\debug\frame_grabber.exe
c:\users\tiked\onedrive\ドキュメント\三木研\iot班研究\rplidar\sdk\workspaces\vc10\\..\..\output\win32\debug\frame_grabber.ilk
c:\users\tiked\onedrive\ドキュメント\三木研\iot班研究\rplidar\sdk\obj\win32\frame_grabber\debug\frame_grabber.tlog\cl.command.1.tlog
c:\users\tiked\onedrive\ドキュメント\三木研\iot班研究\rplidar\sdk\obj\win32\frame_grabber\debug\frame_grabber.tlog\cl.read.1.tlog
c:\users\tiked\onedrive\ドキュメント\三木研\iot班研究\rplidar\sdk\obj\win32\frame_grabber\debug\frame_grabber.tlog\cl.write.1.tlog
c:\users\tiked\onedrive\ドキュメント\三木研\iot班研究\rplidar\sdk\obj\win32\frame_grabber\debug\frame_grabber.tlog\link.command.1.tlog
c:\users\tiked\onedrive\ドキュメント\三木研\iot班研究\rplidar\sdk\obj\win32\frame_grabber\debug\frame_grabber.tlog\link.read.1.tlog
c:\users\tiked\onedrive\ドキュメント\三木研\iot班研究\rplidar\sdk\obj\win32\frame_grabber\debug\frame_grabber.tlog\link.write.1.tlog
c:\users\tiked\onedrive\ドキュメント\三木研\iot班研究\rplidar\sdk\obj\win32\frame_grabber\debug\frame_grabber.tlog\rc.command.1.tlog
c:\users\tiked\onedrive\ドキュメント\三木研\iot班研究\rplidar\sdk\obj\win32\frame_grabber\debug\frame_grabber.tlog\rc.read.1.tlog
c:\users\tiked\onedrive\ドキュメント\三木研\iot班研究\rplidar\sdk\obj\win32\frame_grabber\debug\frame_grabber.tlog\rc.write.1.tlog
