c:\users\tiked\onedrive\ドキュメント\三木研\iot班研究\rplidar\sdk\workspaces\vc10\frame_grabber\x64\release\frame_grabber.pch
c:\users\tiked\onedrive\ドキュメント\三木研\iot班研究\rplidar\sdk\workspaces\vc10\frame_grabber\x64\release\stdafx.obj
c:\users\tiked\onedrive\ドキュメント\三木研\iot班研究\rplidar\sdk\workspaces\vc10\frame_grabber\x64\release\readdataset.obj
c:\users\tiked\onedrive\ドキュメント\三木研\iot班研究\rplidar\sdk\workspaces\vc10\frame_grabber\x64\release\objanothercalc.obj
c:\users\tiked\onedrive\ドキュメント\三木研\iot班研究\rplidar\sdk\workspaces\vc10\frame_grabber\x64\release\moveobjsend.obj
c:\users\tiked\onedrive\ドキュメント\三木研\iot班研究\rplidar\sdk\workspaces\vc10\frame_grabber\x64\release\moveobjrecieve.obj
c:\users\tiked\onedrive\ドキュメント\三木研\iot班研究\rplidar\sdk\workspaces\vc10\frame_grabber\x64\release\movearea.obj
c:\users\tiked\onedrive\ドキュメント\三木研\iot班研究\rplidar\sdk\workspaces\vc10\frame_grabber\x64\release\logtermsetdlg.obj
c:\users\tiked\onedrive\ドキュメント\三木研\iot班研究\rplidar\sdk\workspaces\vc10\frame_grabber\x64\release\logdatasplit.obj
c:\users\tiked\onedrive\ドキュメント\三木研\iot班研究\rplidar\sdk\workspaces\vc10\frame_grabber\x64\release\serialseldlg.obj
c:\users\tiked\onedrive\ドキュメント\三木研\iot班研究\rplidar\sdk\workspaces\vc10\frame_grabber\x64\release\scanview.obj
c:\users\tiked\onedrive\ドキュメント\三木研\iot班研究\rplidar\sdk\workspaces\vc10\frame_grabber\x64\release\mainfrm.obj
c:\users\tiked\onedrive\ドキュメント\三木研\iot班研究\rplidar\sdk\workspaces\vc10\frame_grabber\x64\release\freqsetdlg.obj
c:\users\tiked\onedrive\ドキュメント\三木研\iot班研究\rplidar\sdk\workspaces\vc10\frame_grabber\x64\release\framegrabber.obj
c:\users\tiked\onedrive\ドキュメント\三木研\iot班研究\rplidar\sdk\workspaces\vc10\frame_grabber\x64\release\lidarmgr.obj
c:\users\tiked\onedrive\ドキュメント\三木研\iot班研究\rplidar\sdk\workspaces\vc10\frame_grabber\x64\release\aboutdlg.obj
c:\users\tiked\onedrive\ドキュメント\三木研\iot班研究\rplidar\sdk\workspaces\vc10\x64\release\frame_grabber.exe
c:\users\tiked\onedrive\ドキュメント\三木研\iot班研究\rplidar\sdk\workspaces\vc10\x64\release\frame_grabber.pdb
c:\users\tiked\onedrive\ドキュメント\三木研\iot班研究\rplidar\sdk\workspaces\vc10\frame_grabber\x64\release\framegrabber.res
c:\users\tiked\onedrive\ドキュメント\三木研\iot班研究\rplidar\sdk\workspaces\vc10\frame_grabber\x64\release\frame_grabber.tlog\cl.command.1.tlog
c:\users\tiked\onedrive\ドキュメント\三木研\iot班研究\rplidar\sdk\workspaces\vc10\frame_grabber\x64\release\frame_grabber.tlog\cl.read.1.tlog
c:\users\tiked\onedrive\ドキュメント\三木研\iot班研究\rplidar\sdk\workspaces\vc10\frame_grabber\x64\release\frame_grabber.tlog\cl.write.1.tlog
c:\users\tiked\onedrive\ドキュメント\三木研\iot班研究\rplidar\sdk\workspaces\vc10\frame_grabber\x64\release\frame_grabber.tlog\link.command.1.tlog
c:\users\tiked\onedrive\ドキュメント\三木研\iot班研究\rplidar\sdk\workspaces\vc10\frame_grabber\x64\release\frame_grabber.tlog\link.read.1.tlog
c:\users\tiked\onedrive\ドキュメント\三木研\iot班研究\rplidar\sdk\workspaces\vc10\frame_grabber\x64\release\frame_grabber.tlog\link.write.1.tlog
c:\users\tiked\onedrive\ドキュメント\三木研\iot班研究\rplidar\sdk\workspaces\vc10\frame_grabber\x64\release\frame_grabber.tlog\rc.command.1.tlog
c:\users\tiked\onedrive\ドキュメント\三木研\iot班研究\rplidar\sdk\workspaces\vc10\frame_grabber\x64\release\frame_grabber.tlog\rc.read.1.tlog
c:\users\tiked\onedrive\ドキュメント\三木研\iot班研究\rplidar\sdk\workspaces\vc10\frame_grabber\x64\release\frame_grabber.tlog\rc.write.1.tlog
